0 verbose cli /usr/bin/node /usr/bin/npm
1 info using npm@9.8.0
2 info using node@v20.5.0
3 timing npm:load:whichnode Completed in 3ms
4 timing config:load:defaults Completed in 6ms
5 timing config:load:file:/usr/lib/node_modules/npm/npmrc Completed in 2ms
6 timing config:load:builtin Completed in 3ms
7 timing config:load:cli Completed in 6ms
8 timing config:load:env Completed in 1ms
9 timing config:load:project Completed in 8ms
10 timing config:load:file:/var/www/.npmrc Completed in 1ms
11 timing config:load:user Completed in 1ms
12 timing config:load:file:/usr/etc/npmrc Completed in 9ms
13 timing config:load:global Completed in 9ms
14 timing config:load:setEnvs Completed in 4ms
15 timing config:load Completed in 40ms
16 timing npm:load:configload Completed in 41ms
17 timing config:load:flatten Completed in 11ms
18 timing npm:load:mkdirpcache Completed in 0ms
19 timing npm:load:mkdirplogs Completed in 0ms
20 verbose title npm install
21 verbose argv "install"
22 timing npm:load:setTitle Completed in 2ms
23 timing npm:load:display Completed in 2ms
24 verbose logfile logs-max:10 dir:/var/www/.npm/_logs/2023-07-29T23_19_09_594Z-
25 verbose logfile /var/www/.npm/_logs/2023-07-29T23_19_09_594Z-debug-0.log
26 timing npm:load:logFile Completed in 44ms
27 timing npm:load:timers Completed in 0ms
28 timing npm:load:configScope Completed in 0ms
29 timing npm:load Completed in 184ms
30 timing arborist:ctor Completed in 3ms
31 silly logfile done cleaning log files
32 timing idealTree:init Completed in 387ms
33 timing idealTree:userRequests Completed in 1ms
34 silly idealTree buildDeps
35 timing idealTree:#root Completed in 1ms
36 timing idealTree:buildDeps Completed in 5ms
37 timing idealTree:fixDepFlags Completed in 1ms
38 timing idealTree Completed in 406ms
39 timing reify:loadTrees Completed in 414ms
40 timing reify:diffTrees Completed in 15ms
41 silly reify moves {}
42 timing reify:retireShallow Completed in 6ms
43 timing reify:createSparse Completed in 65ms
44 timing reify:loadBundles Completed in 0ms
45 silly audit bulk request {
45 silly audit   '@algolia/cache-browser-local-storage': [ '4.19.1' ],
45 silly audit   '@algolia/cache-common': [ '4.19.1' ],
45 silly audit   '@algolia/cache-in-memory': [ '4.19.1' ],
45 silly audit   '@algolia/client-account': [ '4.19.1' ],
45 silly audit   '@algolia/client-analytics': [ '4.19.1' ],
45 silly audit   '@algolia/client-common': [ '4.19.1' ],
45 silly audit   '@algolia/client-personalization': [ '4.19.1' ],
45 silly audit   '@algolia/client-search': [ '4.19.1' ],
45 silly audit   '@algolia/logger-common': [ '4.19.1' ],
45 silly audit   '@algolia/logger-console': [ '4.19.1' ],
45 silly audit   '@algolia/requester-browser-xhr': [ '4.19.1' ],
45 silly audit   '@algolia/requester-common': [ '4.19.1' ],
45 silly audit   '@algolia/requester-node-http': [ '4.19.1' ],
45 silly audit   '@algolia/transporter': [ '4.19.1' ],
45 silly audit   '@alloc/quick-lru': [ '5.2.0' ],
45 silly audit   '@babel/runtime': [ '7.22.6' ],
45 silly audit   '@esbuild/linux-loong64': [ '0.14.54' ],
45 silly audit   '@jridgewell/gen-mapping': [ '0.3.3' ],
45 silly audit   '@jridgewell/resolve-uri': [ '3.1.0' ],
45 silly audit   '@jridgewell/set-array': [ '1.1.2' ],
45 silly audit   '@jridgewell/sourcemap-codec': [ '1.4.15', '1.4.14' ],
45 silly audit   '@jridgewell/trace-mapping': [ '0.3.18' ],
45 silly audit   '@nodelib/fs.scandir': [ '2.1.5' ],
45 silly audit   '@nodelib/fs.stat': [ '2.0.5' ],
45 silly audit   '@nodelib/fs.walk': [ '1.2.8' ],
45 silly audit   '@tailwindcss/aspect-ratio': [ '0.2.2' ],
45 silly audit   '@tailwindcss/forms': [ '0.4.1' ],
45 silly audit   '@tailwindcss/typography': [ '0.5.9' ],
45 silly audit   '@vue/reactivity': [ '3.1.5' ],
45 silly audit   '@vue/shared': [ '3.1.5' ],
45 silly audit   algoliasearch: [ '4.19.1' ],
45 silly audit   alpinejs: [ '3.12.3' ],
45 silly audit   'any-promise': [ '1.3.0' ],
45 silly audit   anymatch: [ '3.1.3' ],
45 silly audit   arg: [ '5.0.2' ],
45 silly audit   autoprefixer: [ '10.4.14' ],
45 silly audit   axios: [ '0.25.0' ],
45 silly audit   'balanced-match': [ '1.0.2' ],
45 silly audit   'binary-extensions': [ '2.2.0' ],
45 silly audit   'brace-expansion': [ '1.1.11' ],
45 silly audit   braces: [ '3.0.2' ],
45 silly audit   browserslist: [ '4.21.9' ],
45 silly audit   'camelcase-css': [ '2.0.1' ],
45 silly audit   'caniuse-lite': [ '1.0.30001517' ],
45 silly audit   'choices.js': [ '9.1.0' ],
45 silly audit   chokidar: [ '3.5.3' ],
45 silly audit   'glob-parent': [ '5.1.2', '6.0.2' ],
45 silly audit   commander: [ '4.1.1' ],
45 silly audit   'concat-map': [ '0.0.1' ],
45 silly audit   cssesc: [ '3.0.0' ],
45 silly audit   deepmerge: [ '4.3.1' ],
45 silly audit   didyoumean: [ '1.2.2' ],
45 silly audit   dlv: [ '1.1.3' ],
45 silly audit   'electron-to-chromium': [ '1.4.473' ],
45 silly audit   esbuild: [ '0.14.54' ],
45 silly audit   'esbuild-android-64': [ '0.14.54' ],
45 silly audit   'esbuild-android-arm64': [ '0.14.54' ],
45 silly audit   'esbuild-darwin-64': [ '0.14.54' ],
45 silly audit   'esbuild-darwin-arm64': [ '0.14.54' ],
45 silly audit   'esbuild-freebsd-64': [ '0.14.54' ],
45 silly audit   'esbuild-freebsd-arm64': [ '0.14.54' ],
45 silly audit   'esbuild-linux-32': [ '0.14.54' ],
45 silly audit   'esbuild-linux-64': [ '0.14.54' ],
45 silly audit   'esbuild-linux-arm': [ '0.14.54' ],
45 silly audit   'esbuild-linux-arm64': [ '0.14.54' ],
45 silly audit   'esbuild-linux-mips64le': [ '0.14.54' ],
45 silly audit   'esbuild-linux-ppc64le': [ '0.14.54' ],
45 silly audit   'esbuild-linux-riscv64': [ '0.14.54' ],
45 silly audit   'esbuild-linux-s390x': [ '0.14.54' ],
45 silly audit   'esbuild-netbsd-64': [ '0.14.54' ],
45 silly audit   'esbuild-openbsd-64': [ '0.14.54' ],
45 silly audit   'esbuild-sunos-64': [ '0.14.54' ],
45 silly audit   'esbuild-windows-32': [ '0.14.54' ],
45 silly audit   'esbuild-windows-64': [ '0.14.54' ],
45 silly audit   'esbuild-windows-arm64': [ '0.14.54' ],
45 silly audit   escalade: [ '3.1.1' ],
45 silly audit   'fast-glob': [ '3.3.1' ],
45 silly audit   fastq: [ '1.15.0' ],
45 silly audit   'fill-range': [ '7.0.1' ],
45 silly audit   'follow-redirects': [ '1.15.2' ],
45 silly audit   'fraction.js': [ '4.2.0' ],
45 silly audit   'fs.realpath': [ '1.0.0' ],
45 silly audit   fsevents: [ '2.3.2' ],
45 silly audit   'function-bind': [ '1.1.1' ],
45 silly audit   'fuse.js': [ '3.6.1' ],
45 silly audit   glob: [ '7.1.6' ],
45 silly audit   has: [ '1.0.3' ],
45 silly audit   'highlight.js': [ '10.7.3' ],
45 silly audit   inflight: [ '1.0.6' ],
45 silly audit   inherits: [ '2.0.4' ],
45 silly audit   'is-binary-path': [ '2.1.0' ],
45 silly audit   'is-core-module': [ '2.12.1' ],
45 silly audit   'is-extglob': [ '2.1.1' ],
45 silly audit   'is-glob': [ '4.0.3' ],
45 silly audit   'is-number': [ '7.0.0' ],
45 silly audit   jiti: [ '1.19.1' ],
45 silly audit   'laravel-vite-plugin': [ '0.2.4' ],
45 silly audit   lilconfig: [ '2.1.0' ],
45 silly audit   'lines-and-columns': [ '1.2.4' ],
45 silly audit   'lodash.castarray': [ '4.4.0' ],
45 silly audit   'lodash.isplainobject': [ '4.0.6' ],
45 silly audit   'lodash.merge': [ '4.6.2' ],
45 silly audit   merge2: [ '1.4.1' ],
45 silly audit   micromatch: [ '4.0.5' ],
45 silly audit   'mini-svg-data-uri': [ '1.4.4' ],
45 silly audit   minimatch: [ '3.1.2' ],
45 silly audit   mz: [ '2.7.0' ],
45 silly audit   nanoid: [ '3.3.6' ],
45 silly audit   'node-releases': [ '2.0.13' ],
45 silly audit   'normalize-path': [ '3.0.0' ],
45 silly audit   'normalize-range': [ '0.1.2' ],
45 silly audit   'object-assign': [ '4.1.1' ],
45 silly audit   'object-hash': [ '3.0.0' ],
45 silly audit   once: [ '1.4.0' ],
45 silly audit   'path-is-absolute': [ '1.0.1' ],
45 silly audit   'path-parse': [ '1.0.7' ],
45 silly audit   picocolors: [ '1.0.0' ],
45 silly audit   picomatch: [ '2.3.1' ],
45 silly audit   pify: [ '2.3.0' ],
45 silly audit   pirates: [ '4.0.6' ],
45 silly audit   postcss: [ '8.4.27' ],
45 silly audit   'postcss-import': [ '14.1.0', '15.1.0' ],
45 silly audit   'postcss-js': [ '4.0.1' ],
45 silly audit   'postcss-load-config': [ '4.0.1' ],
45 silly audit   'postcss-nested': [ '6.0.1' ],
45 silly audit   'postcss-selector-parser': [ '6.0.13', '6.0.10' ],
45 silly audit   'postcss-value-parser': [ '4.2.0' ],
45 silly audit   'queue-microtask': [ '1.2.3' ],
45 silly audit   'read-cache': [ '1.0.0' ],
45 silly audit   readdirp: [ '3.6.0' ],
45 silly audit   redux: [ '4.2.1' ],
45 silly audit   'regenerator-runtime': [ '0.13.11' ],
45 silly audit   resolve: [ '1.22.2' ],
45 silly audit   reusify: [ '1.0.4' ],
45 silly audit   rollup: [ '2.77.3' ],
45 silly audit   'run-parallel': [ '1.2.0' ],
45 silly audit   'source-map-js': [ '1.0.2' ],
45 silly audit   sucrase: [ '3.34.0' ],
45 silly audit   'supports-preserve-symlinks-flag': [ '1.0.0' ],
45 silly audit   tailwindcss: [ '3.3.3' ],
45 silly audit   'textarea-caret': [ '3.1.0' ],
45 silly audit   thenify: [ '3.3.1' ],
45 silly audit   'thenify-all': [ '1.6.0' ],
45 silly audit   'to-regex-range': [ '5.0.1' ],
45 silly audit   'ts-interface-checker': [ '0.1.13' ],
45 silly audit   'update-browserslist-db': [ '1.0.11' ],
45 silly audit   'util-deprecate': [ '1.0.2' ],
45 silly audit   vite: [ '2.9.16' ],
45 silly audit   wrappy: [ '1.0.2' ],
45 silly audit   yaml: [ '2.3.1' ]
45 silly audit }
46 verbose reify failed optional dependency /var/www/node_modules/fsevents
47 silly reify mark deleted [ '/var/www/node_modules/fsevents' ]
48 verbose reify failed optional dependency /var/www/node_modules/esbuild-windows-arm64
49 silly reify mark deleted [ '/var/www/node_modules/esbuild-windows-arm64' ]
50 verbose reify failed optional dependency /var/www/node_modules/esbuild-windows-64
51 silly reify mark deleted [ '/var/www/node_modules/esbuild-windows-64' ]
52 verbose reify failed optional dependency /var/www/node_modules/esbuild-windows-32
53 silly reify mark deleted [ '/var/www/node_modules/esbuild-windows-32' ]
54 verbose reify failed optional dependency /var/www/node_modules/esbuild-sunos-64
55 silly reify mark deleted [ '/var/www/node_modules/esbuild-sunos-64' ]
56 verbose reify failed optional dependency /var/www/node_modules/esbuild-openbsd-64
57 silly reify mark deleted [ '/var/www/node_modules/esbuild-openbsd-64' ]
58 verbose reify failed optional dependency /var/www/node_modules/esbuild-netbsd-64
59 silly reify mark deleted [ '/var/www/node_modules/esbuild-netbsd-64' ]
60 verbose reify failed optional dependency /var/www/node_modules/esbuild-linux-s390x
61 silly reify mark deleted [ '/var/www/node_modules/esbuild-linux-s390x' ]
62 verbose reify failed optional dependency /var/www/node_modules/esbuild-linux-riscv64
63 silly reify mark deleted [ '/var/www/node_modules/esbuild-linux-riscv64' ]
64 verbose reify failed optional dependency /var/www/node_modules/esbuild-linux-ppc64le
65 silly reify mark deleted [ '/var/www/node_modules/esbuild-linux-ppc64le' ]
66 verbose reify failed optional dependency /var/www/node_modules/esbuild-linux-mips64le
67 silly reify mark deleted [ '/var/www/node_modules/esbuild-linux-mips64le' ]
68 verbose reify failed optional dependency /var/www/node_modules/esbuild-linux-arm
69 silly reify mark deleted [ '/var/www/node_modules/esbuild-linux-arm' ]
70 verbose reify failed optional dependency /var/www/node_modules/esbuild-linux-64
71 silly reify mark deleted [ '/var/www/node_modules/esbuild-linux-64' ]
72 verbose reify failed optional dependency /var/www/node_modules/esbuild-linux-32
73 silly reify mark deleted [ '/var/www/node_modules/esbuild-linux-32' ]
74 verbose reify failed optional dependency /var/www/node_modules/esbuild-freebsd-arm64
75 silly reify mark deleted [ '/var/www/node_modules/esbuild-freebsd-arm64' ]
76 verbose reify failed optional dependency /var/www/node_modules/esbuild-freebsd-64
77 silly reify mark deleted [ '/var/www/node_modules/esbuild-freebsd-64' ]
78 verbose reify failed optional dependency /var/www/node_modules/esbuild-darwin-arm64
79 silly reify mark deleted [ '/var/www/node_modules/esbuild-darwin-arm64' ]
80 verbose reify failed optional dependency /var/www/node_modules/esbuild-darwin-64
81 silly reify mark deleted [ '/var/www/node_modules/esbuild-darwin-64' ]
82 verbose reify failed optional dependency /var/www/node_modules/esbuild-android-arm64
83 silly reify mark deleted [ '/var/www/node_modules/esbuild-android-arm64' ]
84 verbose reify failed optional dependency /var/www/node_modules/esbuild-android-64
85 silly reify mark deleted [ '/var/www/node_modules/esbuild-android-64' ]
86 verbose reify failed optional dependency /var/www/node_modules/@esbuild/linux-loong64
87 silly reify mark deleted [ '/var/www/node_modules/@esbuild/linux-loong64' ]
88 timing reifyNode:node_modules/fsevents Completed in 134ms
89 timing reifyNode:node_modules/esbuild-windows-arm64 Completed in 132ms
90 timing reifyNode:node_modules/esbuild-windows-64 Completed in 132ms
91 timing reifyNode:node_modules/esbuild-windows-32 Completed in 133ms
92 timing reifyNode:node_modules/esbuild-sunos-64 Completed in 133ms
93 timing reifyNode:node_modules/esbuild-openbsd-64 Completed in 131ms
94 timing reifyNode:node_modules/esbuild-netbsd-64 Completed in 130ms
95 timing reifyNode:node_modules/esbuild-linux-s390x Completed in 131ms
96 timing reifyNode:node_modules/esbuild-linux-riscv64 Completed in 131ms
97 timing reifyNode:node_modules/esbuild-linux-ppc64le Completed in 131ms
98 timing reifyNode:node_modules/esbuild-linux-mips64le Completed in 131ms
99 timing reifyNode:node_modules/esbuild-linux-arm Completed in 131ms
100 timing reifyNode:node_modules/esbuild-linux-64 Completed in 130ms
101 timing reifyNode:node_modules/esbuild-linux-32 Completed in 131ms
102 timing reifyNode:node_modules/esbuild-freebsd-arm64 Completed in 132ms
103 timing reifyNode:node_modules/esbuild-freebsd-64 Completed in 132ms
104 timing reifyNode:node_modules/esbuild-darwin-arm64 Completed in 132ms
105 timing reifyNode:node_modules/esbuild-darwin-64 Completed in 132ms
106 timing reifyNode:node_modules/esbuild-android-arm64 Completed in 132ms
107 timing reifyNode:node_modules/esbuild-android-64 Completed in 132ms
108 timing reifyNode:node_modules/@esbuild/linux-loong64 Completed in 128ms
109 silly tarball no local data for yaml@https://registry.npmjs.org/yaml/-/yaml-2.3.1.tgz. Extracting by manifest.
110 silly tarball no local data for wrappy@https://registry.npmjs.org/wrappy/-/wrappy-1.0.2.tgz. Extracting by manifest.
111 silly tarball no local data for vite@https://registry.npmjs.org/vite/-/vite-2.9.16.tgz. Extracting by manifest.
112 silly tarball no local data for util-deprecate@https://registry.npmjs.org/util-deprecate/-/util-deprecate-1.0.2.tgz. Extracting by manifest.
113 silly tarball no local data for to-regex-range@https://registry.npmjs.org/to-regex-range/-/to-regex-range-5.0.1.tgz. Extracting by manifest.
114 silly tarball no local data for update-browserslist-db@https://registry.npmjs.org/update-browserslist-db/-/update-browserslist-db-1.0.11.tgz. Extracting by manifest.
115 silly tarball no local data for thenify-all@https://registry.npmjs.org/thenify-all/-/thenify-all-1.6.0.tgz. Extracting by manifest.
116 silly tarball no local data for ts-interface-checker@https://registry.npmjs.org/ts-interface-checker/-/ts-interface-checker-0.1.13.tgz. Extracting by manifest.
117 silly tarball no local data for thenify@https://registry.npmjs.org/thenify/-/thenify-3.3.1.tgz. Extracting by manifest.
118 silly tarball no local data for textarea-caret@https://registry.npmjs.org/textarea-caret/-/textarea-caret-3.1.0.tgz. Extracting by manifest.
119 silly tarball no local data for tailwindcss@https://registry.npmjs.org/tailwindcss/-/tailwindcss-3.3.3.tgz. Extracting by manifest.
120 silly tarball no local data for supports-preserve-symlinks-flag@https://registry.npmjs.org/supports-preserve-symlinks-flag/-/supports-preserve-symlinks-flag-1.0.0.tgz. Extracting by manifest.
121 silly tarball no local data for sucrase@https://registry.npmjs.org/sucrase/-/sucrase-3.34.0.tgz. Extracting by manifest.
122 silly tarball no local data for run-parallel@https://registry.npmjs.org/run-parallel/-/run-parallel-1.2.0.tgz. Extracting by manifest.
123 silly tarball no local data for rollup@https://registry.npmjs.org/rollup/-/rollup-2.77.3.tgz. Extracting by manifest.
124 silly tarball no local data for resolve@https://registry.npmjs.org/resolve/-/resolve-1.22.2.tgz. Extracting by manifest.
125 silly tarball no local data for reusify@https://registry.npmjs.org/reusify/-/reusify-1.0.4.tgz. Extracting by manifest.
126 silly tarball no local data for redux@https://registry.npmjs.org/redux/-/redux-4.2.1.tgz. Extracting by manifest.
127 silly tarball no local data for regenerator-runtime@https://registry.npmjs.org/regenerator-runtime/-/regenerator-runtime-0.13.11.tgz. Extracting by manifest.
128 silly tarball no local data for read-cache@https://registry.npmjs.org/read-cache/-/read-cache-1.0.0.tgz. Extracting by manifest.
129 silly tarball no local data for readdirp@https://registry.npmjs.org/readdirp/-/readdirp-3.6.0.tgz. Extracting by manifest.
130 silly tarball no local data for queue-microtask@https://registry.npmjs.org/queue-microtask/-/queue-microtask-1.2.3.tgz. Extracting by manifest.
131 silly tarball no local data for postcss-value-parser@https://registry.npmjs.org/postcss-value-parser/-/postcss-value-parser-4.2.0.tgz. Extracting by manifest.
132 silly tarball no local data for postcss-selector-parser@https://registry.npmjs.org/postcss-selector-parser/-/postcss-selector-parser-6.0.10.tgz. Extracting by manifest.
133 silly tarball no local data for postcss-nested@https://registry.npmjs.org/postcss-nested/-/postcss-nested-6.0.1.tgz. Extracting by manifest.
134 silly tarball no local data for postcss-load-config@https://registry.npmjs.org/postcss-load-config/-/postcss-load-config-4.0.1.tgz. Extracting by manifest.
135 silly tarball no local data for postcss-js@https://registry.npmjs.org/postcss-js/-/postcss-js-4.0.1.tgz. Extracting by manifest.
136 silly tarball no local data for postcss-import@https://registry.npmjs.org/postcss-import/-/postcss-import-14.1.0.tgz. Extracting by manifest.
137 silly tarball no local data for postcss@https://registry.npmjs.org/postcss/-/postcss-8.4.27.tgz. Extracting by manifest.
138 silly tarball no local data for pirates@https://registry.npmjs.org/pirates/-/pirates-4.0.6.tgz. Extracting by manifest.
139 silly tarball no local data for source-map-js@https://registry.npmjs.org/source-map-js/-/source-map-js-1.0.2.tgz. Extracting by manifest.
140 silly tarball no local data for pify@https://registry.npmjs.org/pify/-/pify-2.3.0.tgz. Extracting by manifest.
141 silly tarball no local data for picomatch@https://registry.npmjs.org/picomatch/-/picomatch-2.3.1.tgz. Extracting by manifest.
142 silly tarball no local data for picocolors@https://registry.npmjs.org/picocolors/-/picocolors-1.0.0.tgz. Extracting by manifest.
143 silly tarball no local data for path-parse@https://registry.npmjs.org/path-parse/-/path-parse-1.0.7.tgz. Extracting by manifest.
144 silly tarball no local data for path-is-absolute@https://registry.npmjs.org/path-is-absolute/-/path-is-absolute-1.0.1.tgz. Extracting by manifest.
145 silly tarball no local data for once@https://registry.npmjs.org/once/-/once-1.4.0.tgz. Extracting by manifest.
146 silly tarball no local data for object-hash@https://registry.npmjs.org/object-hash/-/object-hash-3.0.0.tgz. Extracting by manifest.
147 silly tarball no local data for object-assign@https://registry.npmjs.org/object-assign/-/object-assign-4.1.1.tgz. Extracting by manifest.
148 silly tarball no local data for normalize-range@https://registry.npmjs.org/normalize-range/-/normalize-range-0.1.2.tgz. Extracting by manifest.
149 silly tarball no local data for normalize-path@https://registry.npmjs.org/normalize-path/-/normalize-path-3.0.0.tgz. Extracting by manifest.
150 silly tarball no local data for node-releases@https://registry.npmjs.org/node-releases/-/node-releases-2.0.13.tgz. Extracting by manifest.
151 silly tarball no local data for nanoid@https://registry.npmjs.org/nanoid/-/nanoid-3.3.6.tgz. Extracting by manifest.
152 silly tarball no local data for mz@https://registry.npmjs.org/mz/-/mz-2.7.0.tgz. Extracting by manifest.
153 silly tarball no local data for minimatch@https://registry.npmjs.org/minimatch/-/minimatch-3.1.2.tgz. Extracting by manifest.
154 silly tarball no local data for mini-svg-data-uri@https://registry.npmjs.org/mini-svg-data-uri/-/mini-svg-data-uri-1.4.4.tgz. Extracting by manifest.
155 silly tarball no local data for micromatch@https://registry.npmjs.org/micromatch/-/micromatch-4.0.5.tgz. Extracting by manifest.
156 silly tarball no local data for merge2@https://registry.npmjs.org/merge2/-/merge2-1.4.1.tgz. Extracting by manifest.
157 silly tarball no local data for lodash.merge@https://registry.npmjs.org/lodash.merge/-/lodash.merge-4.6.2.tgz. Extracting by manifest.
158 silly tarball no local data for lodash.isplainobject@https://registry.npmjs.org/lodash.isplainobject/-/lodash.isplainobject-4.0.6.tgz. Extracting by manifest.
159 silly tarball no local data for lines-and-columns@https://registry.npmjs.org/lines-and-columns/-/lines-and-columns-1.2.4.tgz. Extracting by manifest.
160 silly tarball no local data for lodash.castarray@https://registry.npmjs.org/lodash.castarray/-/lodash.castarray-4.4.0.tgz. Extracting by manifest.
161 silly tarball no local data for lilconfig@https://registry.npmjs.org/lilconfig/-/lilconfig-2.1.0.tgz. Extracting by manifest.
162 silly tarball no local data for laravel-vite-plugin@https://registry.npmjs.org/laravel-vite-plugin/-/laravel-vite-plugin-0.2.4.tgz. Extracting by manifest.
163 silly tarball no local data for is-number@https://registry.npmjs.org/is-number/-/is-number-7.0.0.tgz. Extracting by manifest.
164 silly tarball no local data for is-glob@https://registry.npmjs.org/is-glob/-/is-glob-4.0.3.tgz. Extracting by manifest.
165 silly tarball no local data for jiti@https://registry.npmjs.org/jiti/-/jiti-1.19.1.tgz. Extracting by manifest.
166 silly tarball no local data for is-extglob@https://registry.npmjs.org/is-extglob/-/is-extglob-2.1.1.tgz. Extracting by manifest.
167 silly tarball no local data for is-core-module@https://registry.npmjs.org/is-core-module/-/is-core-module-2.12.1.tgz. Extracting by manifest.
168 silly tarball no local data for is-binary-path@https://registry.npmjs.org/is-binary-path/-/is-binary-path-2.1.0.tgz. Extracting by manifest.
169 silly tarball no local data for inherits@https://registry.npmjs.org/inherits/-/inherits-2.0.4.tgz. Extracting by manifest.
170 silly tarball no local data for inflight@https://registry.npmjs.org/inflight/-/inflight-1.0.6.tgz. Extracting by manifest.
171 silly tarball no local data for highlight.js@https://registry.npmjs.org/highlight.js/-/highlight.js-10.7.3.tgz. Extracting by manifest.
172 silly tarball no local data for has@https://registry.npmjs.org/has/-/has-1.0.3.tgz. Extracting by manifest.
173 silly tarball no local data for glob-parent@https://registry.npmjs.org/glob-parent/-/glob-parent-6.0.2.tgz. Extracting by manifest.
174 silly tarball no local data for glob@https://registry.npmjs.org/glob/-/glob-7.1.6.tgz. Extracting by manifest.
175 silly tarball no local data for fuse.js@https://registry.npmjs.org/fuse.js/-/fuse.js-3.6.1.tgz. Extracting by manifest.
176 silly tarball no local data for function-bind@https://registry.npmjs.org/function-bind/-/function-bind-1.1.1.tgz. Extracting by manifest.
177 silly tarball no local data for fraction.js@https://registry.npmjs.org/fraction.js/-/fraction.js-4.2.0.tgz. Extracting by manifest.
178 silly tarball no local data for follow-redirects@https://registry.npmjs.org/follow-redirects/-/follow-redirects-1.15.2.tgz. Extracting by manifest.
179 silly tarball no local data for fs.realpath@https://registry.npmjs.org/fs.realpath/-/fs.realpath-1.0.0.tgz. Extracting by manifest.
180 silly tarball no local data for fill-range@https://registry.npmjs.org/fill-range/-/fill-range-7.0.1.tgz. Extracting by manifest.
181 silly tarball no local data for fastq@https://registry.npmjs.org/fastq/-/fastq-1.15.0.tgz. Extracting by manifest.
182 silly tarball no local data for escalade@https://registry.npmjs.org/escalade/-/escalade-3.1.1.tgz. Extracting by manifest.
183 silly tarball no local data for esbuild-linux-arm64@https://registry.npmjs.org/esbuild-linux-arm64/-/esbuild-linux-arm64-0.14.54.tgz. Extracting by manifest.
184 silly tarball no local data for didyoumean@https://registry.npmjs.org/didyoumean/-/didyoumean-1.2.2.tgz. Extracting by manifest.
185 silly tarball no local data for deepmerge@https://registry.npmjs.org/deepmerge/-/deepmerge-4.3.1.tgz. Extracting by manifest.
186 silly tarball no local data for esbuild@https://registry.npmjs.org/esbuild/-/esbuild-0.14.54.tgz. Extracting by manifest.
187 silly tarball no local data for cssesc@https://registry.npmjs.org/cssesc/-/cssesc-3.0.0.tgz. Extracting by manifest.
188 silly tarball no local data for fast-glob@https://registry.npmjs.org/fast-glob/-/fast-glob-3.3.1.tgz. Extracting by manifest.
189 silly tarball no local data for concat-map@https://registry.npmjs.org/concat-map/-/concat-map-0.0.1.tgz. Extracting by manifest.
190 silly tarball no local data for commander@https://registry.npmjs.org/commander/-/commander-4.1.1.tgz. Extracting by manifest.
191 silly tarball no local data for chokidar@https://registry.npmjs.org/chokidar/-/chokidar-3.5.3.tgz. Extracting by manifest.
192 silly tarball no local data for choices.js@https://registry.npmjs.org/choices.js/-/choices.js-9.1.0.tgz. Extracting by manifest.
193 silly tarball no local data for electron-to-chromium@https://registry.npmjs.org/electron-to-chromium/-/electron-to-chromium-1.4.473.tgz. Extracting by manifest.
194 silly tarball no local data for camelcase-css@https://registry.npmjs.org/camelcase-css/-/camelcase-css-2.0.1.tgz. Extracting by manifest.
195 silly tarball no local data for browserslist@https://registry.npmjs.org/browserslist/-/browserslist-4.21.9.tgz. Extracting by manifest.
196 silly tarball no local data for braces@https://registry.npmjs.org/braces/-/braces-3.0.2.tgz. Extracting by manifest.
197 silly tarball no local data for binary-extensions@https://registry.npmjs.org/binary-extensions/-/binary-extensions-2.2.0.tgz. Extracting by manifest.
198 silly tarball no local data for balanced-match@https://registry.npmjs.org/balanced-match/-/balanced-match-1.0.2.tgz. Extracting by manifest.
199 silly tarball no local data for axios@https://registry.npmjs.org/axios/-/axios-0.25.0.tgz. Extracting by manifest.
200 silly tarball no local data for autoprefixer@https://registry.npmjs.org/autoprefixer/-/autoprefixer-10.4.14.tgz. Extracting by manifest.
201 silly tarball no local data for arg@https://registry.npmjs.org/arg/-/arg-5.0.2.tgz. Extracting by manifest.
202 silly tarball no local data for anymatch@https://registry.npmjs.org/anymatch/-/anymatch-3.1.3.tgz. Extracting by manifest.
203 silly tarball no local data for brace-expansion@https://registry.npmjs.org/brace-expansion/-/brace-expansion-1.1.11.tgz. Extracting by manifest.
204 silly tarball no local data for caniuse-lite@https://registry.npmjs.org/caniuse-lite/-/caniuse-lite-1.0.30001517.tgz. Extracting by manifest.
205 silly tarball no local data for alpinejs@https://registry.npmjs.org/alpinejs/-/alpinejs-3.12.3.tgz. Extracting by manifest.
206 silly tarball no local data for algoliasearch@https://registry.npmjs.org/algoliasearch/-/algoliasearch-4.19.1.tgz. Extracting by manifest.
207 silly tarball no local data for @vue/shared@https://registry.npmjs.org/@vue/shared/-/shared-3.1.5.tgz. Extracting by manifest.
208 silly tarball no local data for @vue/reactivity@https://registry.npmjs.org/@vue/reactivity/-/reactivity-3.1.5.tgz. Extracting by manifest.
209 silly tarball no local data for @tailwindcss/typography@https://registry.npmjs.org/@tailwindcss/typography/-/typography-0.5.9.tgz. Extracting by manifest.
210 silly tarball no local data for @tailwindcss/forms@https://registry.npmjs.org/@tailwindcss/forms/-/forms-0.4.1.tgz. Extracting by manifest.
211 silly tarball no local data for @tailwindcss/aspect-ratio@https://registry.npmjs.org/@tailwindcss/aspect-ratio/-/aspect-ratio-0.2.2.tgz. Extracting by manifest.
212 silly tarball no local data for @nodelib/fs.walk@https://registry.npmjs.org/@nodelib/fs.walk/-/fs.walk-1.2.8.tgz. Extracting by manifest.
213 silly tarball no local data for @nodelib/fs.stat@https://registry.npmjs.org/@nodelib/fs.stat/-/fs.stat-2.0.5.tgz. Extracting by manifest.
214 silly tarball no local data for @jridgewell/sourcemap-codec@https://registry.npmjs.org/@jridgewell/sourcemap-codec/-/sourcemap-codec-1.4.15.tgz. Extracting by manifest.
215 silly tarball no local data for dlv@https://registry.npmjs.org/dlv/-/dlv-1.1.3.tgz. Extracting by manifest.
216 silly tarball no local data for @jridgewell/trace-mapping@https://registry.npmjs.org/@jridgewell/trace-mapping/-/trace-mapping-0.3.18.tgz. Extracting by manifest.
217 silly tarball no local data for @jridgewell/set-array@https://registry.npmjs.org/@jridgewell/set-array/-/set-array-1.1.2.tgz. Extracting by manifest.
218 silly tarball no local data for @nodelib/fs.scandir@https://registry.npmjs.org/@nodelib/fs.scandir/-/fs.scandir-2.1.5.tgz. Extracting by manifest.
219 silly tarball no local data for @jridgewell/resolve-uri@https://registry.npmjs.org/@jridgewell/resolve-uri/-/resolve-uri-3.1.0.tgz. Extracting by manifest.
220 silly tarball no local data for @jridgewell/gen-mapping@https://registry.npmjs.org/@jridgewell/gen-mapping/-/gen-mapping-0.3.3.tgz. Extracting by manifest.
221 silly tarball no local data for @alloc/quick-lru@https://registry.npmjs.org/@alloc/quick-lru/-/quick-lru-5.2.0.tgz. Extracting by manifest.
222 silly tarball no local data for @algolia/transporter@https://registry.npmjs.org/@algolia/transporter/-/transporter-4.19.1.tgz. Extracting by manifest.
223 silly tarball no local data for any-promise@https://registry.npmjs.org/any-promise/-/any-promise-1.3.0.tgz. Extracting by manifest.
224 silly tarball no local data for @algolia/requester-node-http@https://registry.npmjs.org/@algolia/requester-node-http/-/requester-node-http-4.19.1.tgz. Extracting by manifest.
225 silly tarball no local data for @algolia/requester-common@https://registry.npmjs.org/@algolia/requester-common/-/requester-common-4.19.1.tgz. Extracting by manifest.
226 silly tarball no local data for @algolia/requester-browser-xhr@https://registry.npmjs.org/@algolia/requester-browser-xhr/-/requester-browser-xhr-4.19.1.tgz. Extracting by manifest.
227 silly tarball no local data for @algolia/logger-console@https://registry.npmjs.org/@algolia/logger-console/-/logger-console-4.19.1.tgz. Extracting by manifest.
228 silly tarball no local data for @algolia/logger-common@https://registry.npmjs.org/@algolia/logger-common/-/logger-common-4.19.1.tgz. Extracting by manifest.
229 silly tarball no local data for @babel/runtime@https://registry.npmjs.org/@babel/runtime/-/runtime-7.22.6.tgz. Extracting by manifest.
230 silly tarball no local data for @algolia/client-search@https://registry.npmjs.org/@algolia/client-search/-/client-search-4.19.1.tgz. Extracting by manifest.
231 silly tarball no local data for @algolia/client-common@https://registry.npmjs.org/@algolia/client-common/-/client-common-4.19.1.tgz. Extracting by manifest.
232 silly tarball no local data for @algolia/client-analytics@https://registry.npmjs.org/@algolia/client-analytics/-/client-analytics-4.19.1.tgz. Extracting by manifest.
233 silly tarball no local data for @algolia/client-account@https://registry.npmjs.org/@algolia/client-account/-/client-account-4.19.1.tgz. Extracting by manifest.
234 silly tarball no local data for @algolia/cache-in-memory@https://registry.npmjs.org/@algolia/cache-in-memory/-/cache-in-memory-4.19.1.tgz. Extracting by manifest.
235 silly tarball no local data for @algolia/cache-common@https://registry.npmjs.org/@algolia/cache-common/-/cache-common-4.19.1.tgz. Extracting by manifest.
236 silly tarball no local data for @algolia/cache-browser-local-storage@https://registry.npmjs.org/@algolia/cache-browser-local-storage/-/cache-browser-local-storage-4.19.1.tgz. Extracting by manifest.
237 silly tarball no local data for postcss-import@https://registry.npmjs.org/postcss-import/-/postcss-import-15.1.0.tgz. Extracting by manifest.
238 silly tarball no local data for postcss-selector-parser@https://registry.npmjs.org/postcss-selector-parser/-/postcss-selector-parser-6.0.13.tgz. Extracting by manifest.
239 silly tarball no local data for glob-parent@https://registry.npmjs.org/glob-parent/-/glob-parent-5.1.2.tgz. Extracting by manifest.
240 silly tarball no local data for glob-parent@https://registry.npmjs.org/glob-parent/-/glob-parent-5.1.2.tgz. Extracting by manifest.
241 silly tarball no local data for @jridgewell/sourcemap-codec@https://registry.npmjs.org/@jridgewell/sourcemap-codec/-/sourcemap-codec-1.4.14.tgz. Extracting by manifest.
242 silly tarball no local data for postcss-selector-parser@https://registry.npmjs.org/postcss-selector-parser/-/postcss-selector-parser-6.0.13.tgz. Extracting by manifest.
243 silly tarball no local data for @algolia/client-personalization@https://registry.npmjs.org/@algolia/client-personalization/-/client-personalization-4.19.1.tgz. Extracting by manifest.
244 http fetch POST 200 https://registry.npmjs.org/-/npm/v1/security/advisories/bulk 1247ms
245 timing auditReport:getReport Completed in 1273ms
246 silly audit report {}
247 timing auditReport:init Completed in 0ms
248 timing reify:audit Completed in 1276ms
249 http fetch GET 200 https://registry.npmjs.org/supports-preserve-symlinks-flag/-/supports-preserve-symlinks-flag-1.0.0.tgz 1337ms (cache miss)
250 timing reifyNode:node_modules/supports-preserve-symlinks-flag Completed in 1646ms
251 http fetch GET 200 https://registry.npmjs.org/update-browserslist-db/-/update-browserslist-db-1.0.11.tgz 1358ms (cache miss)
252 timing reifyNode:node_modules/update-browserslist-db Completed in 1654ms
253 http fetch GET 200 https://registry.npmjs.org/wrappy/-/wrappy-1.0.2.tgz 1373ms (cache miss)
254 timing reifyNode:node_modules/wrappy Completed in 1664ms
255 http fetch GET 200 https://registry.npmjs.org/util-deprecate/-/util-deprecate-1.0.2.tgz 1370ms (cache miss)
256 timing reifyNode:node_modules/util-deprecate Completed in 1664ms
257 http fetch GET 200 https://registry.npmjs.org/thenify/-/thenify-3.3.1.tgz 1366ms (cache miss)
258 timing reifyNode:node_modules/thenify Completed in 1668ms
259 http fetch GET 200 https://registry.npmjs.org/thenify-all/-/thenify-all-1.6.0.tgz 1373ms (cache miss)
260 timing reifyNode:node_modules/thenify-all Completed in 1671ms
261 http fetch GET 200 https://registry.npmjs.org/textarea-caret/-/textarea-caret-3.1.0.tgz 1366ms (cache miss)
262 timing reifyNode:node_modules/textarea-caret Completed in 1672ms
263 http fetch GET 200 https://registry.npmjs.org/run-parallel/-/run-parallel-1.2.0.tgz 1359ms (cache miss)
264 timing reifyNode:node_modules/run-parallel Completed in 1672ms
265 http fetch GET 200 https://registry.npmjs.org/to-regex-range/-/to-regex-range-5.0.1.tgz 1416ms (cache miss)
266 timing reifyNode:node_modules/to-regex-range Completed in 1710ms
267 http fetch GET 200 https://registry.npmjs.org/ts-interface-checker/-/ts-interface-checker-0.1.13.tgz 1563ms (cache miss)
268 timing reifyNode:node_modules/ts-interface-checker Completed in 1864ms
269 http fetch GET 200 https://registry.npmjs.org/reusify/-/reusify-1.0.4.tgz 1542ms (cache miss)
270 timing reifyNode:node_modules/reusify Completed in 1860ms
271 http fetch GET 200 https://registry.npmjs.org/read-cache/-/read-cache-1.0.0.tgz 1602ms (cache miss)
272 timing reifyNode:node_modules/read-cache Completed in 1926ms
273 http fetch GET 200 https://registry.npmjs.org/regenerator-runtime/-/regenerator-runtime-0.13.11.tgz 1623ms (cache miss)
274 timing reifyNode:node_modules/regenerator-runtime Completed in 1944ms
275 http fetch GET 200 https://registry.npmjs.org/queue-microtask/-/queue-microtask-1.2.3.tgz 1628ms (cache miss)
276 timing reifyNode:node_modules/queue-microtask Completed in 1958ms
277 http fetch GET 200 https://registry.npmjs.org/readdirp/-/readdirp-3.6.0.tgz 1632ms (cache miss)
278 timing reifyNode:node_modules/readdirp Completed in 1960ms
279 http fetch GET 200 https://registry.npmjs.org/postcss-value-parser/-/postcss-value-parser-4.2.0.tgz 1715ms (cache miss)
280 timing reifyNode:node_modules/postcss-value-parser Completed in 2047ms
281 http fetch GET 200 https://registry.npmjs.org/postcss-js/-/postcss-js-4.0.1.tgz 2028ms (cache miss)
282 timing reifyNode:node_modules/postcss-js Completed in 2370ms
283 http fetch GET 200 https://registry.npmjs.org/postcss-nested/-/postcss-nested-6.0.1.tgz 2036ms (cache miss)
284 timing reifyNode:node_modules/postcss-nested Completed in 2373ms
285 http fetch GET 200 https://registry.npmjs.org/postcss-load-config/-/postcss-load-config-4.0.1.tgz 2060ms (cache miss)
286 timing reifyNode:node_modules/postcss-load-config Completed in 2399ms
287 http fetch GET 200 https://registry.npmjs.org/pify/-/pify-2.3.0.tgz 2309ms (cache miss)
288 timing reifyNode:node_modules/pify Completed in 2664ms
289 http fetch GET 200 https://registry.npmjs.org/pirates/-/pirates-4.0.6.tgz 2316ms (cache miss)
290 timing reifyNode:node_modules/pirates Completed in 2666ms
291 http fetch GET 200 https://registry.npmjs.org/postcss-import/-/postcss-import-14.1.0.tgz 2345ms (cache miss)
292 timing reifyNode:node_modules/postcss-import Completed in 2690ms
293 http fetch GET 200 https://registry.npmjs.org/redux/-/redux-4.2.1.tgz 2423ms (cache miss)
294 timing reifyNode:node_modules/redux Completed in 2742ms
295 http fetch GET 200 https://registry.npmjs.org/path-parse/-/path-parse-1.0.7.tgz 2426ms (cache miss)
296 timing reifyNode:node_modules/path-parse Completed in 2778ms
297 http fetch GET 200 https://registry.npmjs.org/path-is-absolute/-/path-is-absolute-1.0.1.tgz 2461ms (cache miss)
298 timing reifyNode:node_modules/path-is-absolute Completed in 2816ms
299 http fetch GET 200 https://registry.npmjs.org/picocolors/-/picocolors-1.0.0.tgz 2469ms (cache miss)
300 timing reifyNode:node_modules/picocolors Completed in 2818ms
301 http fetch GET 200 https://registry.npmjs.org/once/-/once-1.4.0.tgz 2516ms (cache miss)
302 timing reifyNode:node_modules/once Completed in 2873ms
303 http fetch GET 200 https://registry.npmjs.org/object-assign/-/object-assign-4.1.1.tgz 2568ms (cache miss)
304 timing reifyNode:node_modules/object-assign Completed in 2932ms
305 http fetch GET 200 https://registry.npmjs.org/normalize-range/-/normalize-range-0.1.2.tgz 2574ms (cache miss)
306 timing reifyNode:node_modules/normalize-range Completed in 2941ms
307 http fetch GET 200 https://registry.npmjs.org/object-hash/-/object-hash-3.0.0.tgz 2584ms (cache miss)
308 timing reifyNode:node_modules/object-hash Completed in 2944ms
309 http fetch GET 200 https://registry.npmjs.org/normalize-path/-/normalize-path-3.0.0.tgz 2583ms (cache miss)
310 timing reifyNode:node_modules/normalize-path Completed in 2952ms
311 http fetch GET 200 https://registry.npmjs.org/node-releases/-/node-releases-2.0.13.tgz 2582ms (cache miss)
312 timing reifyNode:node_modules/node-releases Completed in 2955ms
313 http fetch GET 200 https://registry.npmjs.org/picomatch/-/picomatch-2.3.1.tgz 2690ms (cache miss)
314 timing reifyNode:node_modules/picomatch Completed in 3047ms
315 http fetch GET 200 https://registry.npmjs.org/merge2/-/merge2-1.4.1.tgz 2763ms (cache miss)
316 timing reifyNode:node_modules/merge2 Completed in 3152ms
317 http fetch GET 200 https://registry.npmjs.org/mz/-/mz-2.7.0.tgz 2777ms (cache miss)
318 timing reifyNode:node_modules/mz Completed in 3155ms
319 http fetch GET 200 https://registry.npmjs.org/lines-and-columns/-/lines-and-columns-1.2.4.tgz 2798ms (cache miss)
320 timing reifyNode:node_modules/lines-and-columns Completed in 3196ms
321 http fetch GET 200 https://registry.npmjs.org/mini-svg-data-uri/-/mini-svg-data-uri-1.4.4.tgz 2873ms (cache miss)
322 timing reifyNode:node_modules/mini-svg-data-uri Completed in 3257ms
323 http fetch GET 200 https://registry.npmjs.org/lilconfig/-/lilconfig-2.1.0.tgz 2855ms (cache miss)
324 timing reifyNode:node_modules/lilconfig Completed in 3258ms
325 http fetch GET 200 https://registry.npmjs.org/nanoid/-/nanoid-3.3.6.tgz 2931ms (cache miss)
326 http fetch GET 200 https://registry.npmjs.org/lodash.isplainobject/-/lodash.isplainobject-4.0.6.tgz 2918ms (cache miss)
327 timing reifyNode:node_modules/lodash.isplainobject Completed in 3314ms
328 http fetch GET 200 https://registry.npmjs.org/lodash.castarray/-/lodash.castarray-4.4.0.tgz 2914ms (cache miss)
329 timing reifyNode:node_modules/lodash.castarray Completed in 3315ms
330 timing reifyNode:node_modules/nanoid Completed in 3357ms
331 http fetch GET 200 https://registry.npmjs.org/minimatch/-/minimatch-3.1.2.tgz 2983ms (cache miss)
332 timing reifyNode:node_modules/minimatch Completed in 3363ms
333 http fetch GET 200 https://registry.npmjs.org/lodash.merge/-/lodash.merge-4.6.2.tgz 3007ms (cache miss)
334 timing reifyNode:node_modules/lodash.merge Completed in 3398ms
335 http fetch GET 200 https://registry.npmjs.org/micromatch/-/micromatch-4.0.5.tgz 3038ms (cache miss)
336 timing reifyNode:node_modules/micromatch Completed in 3423ms
337 http fetch GET 200 https://registry.npmjs.org/is-number/-/is-number-7.0.0.tgz 3050ms (cache miss)
338 timing reifyNode:node_modules/is-number Completed in 3459ms
339 http fetch GET 200 https://registry.npmjs.org/postcss-selector-parser/-/postcss-selector-parser-6.0.10.tgz 3143ms (cache miss)
340 timing reifyNode:node_modules/postcss-selector-parser Completed in 3477ms
341 http fetch GET 200 https://registry.npmjs.org/is-glob/-/is-glob-4.0.3.tgz 3049ms (cache miss)
342 timing reifyNode:node_modules/is-glob Completed in 3461ms
343 http fetch GET 200 https://registry.npmjs.org/is-extglob/-/is-extglob-2.1.1.tgz 3073ms (cache miss)
344 timing reifyNode:node_modules/is-extglob Completed in 3492ms
345 http fetch GET 200 https://registry.npmjs.org/source-map-js/-/source-map-js-1.0.2.tgz 3196ms (cache miss)
346 timing reifyNode:node_modules/source-map-js Completed in 3552ms
347 http fetch GET 200 https://registry.npmjs.org/inflight/-/inflight-1.0.6.tgz 3080ms (cache miss)
348 timing reifyNode:node_modules/inflight Completed in 3533ms
349 http fetch GET 200 https://registry.npmjs.org/is-binary-path/-/is-binary-path-2.1.0.tgz 3108ms (cache miss)
350 timing reifyNode:node_modules/is-binary-path Completed in 3535ms
351 http fetch GET 200 https://registry.npmjs.org/inherits/-/inherits-2.0.4.tgz 3088ms (cache miss)
352 timing reifyNode:node_modules/inherits Completed in 3538ms
353 http fetch GET 200 https://registry.npmjs.org/is-core-module/-/is-core-module-2.12.1.tgz 3148ms (cache miss)
354 timing reifyNode:node_modules/is-core-module Completed in 3571ms
355 http fetch GET 200 https://registry.npmjs.org/has/-/has-1.0.3.tgz 3115ms (cache miss)
356 timing reifyNode:node_modules/has Completed in 3572ms
357 http fetch GET 200 https://registry.npmjs.org/glob-parent/-/glob-parent-6.0.2.tgz 3174ms (cache miss)
358 timing reifyNode:node_modules/glob-parent Completed in 3633ms
359 http fetch GET 200 https://registry.npmjs.org/glob/-/glob-7.1.6.tgz 3263ms (cache miss)
360 timing reifyNode:node_modules/glob Completed in 3726ms
361 http fetch GET 200 https://registry.npmjs.org/function-bind/-/function-bind-1.1.1.tgz 3299ms (cache miss)
362 timing reifyNode:node_modules/function-bind Completed in 3768ms
363 http fetch GET 200 https://registry.npmjs.org/fuse.js/-/fuse.js-3.6.1.tgz 3413ms (cache miss)
364 timing reifyNode:node_modules/fuse.js Completed in 3948ms
365 http fetch GET 200 https://registry.npmjs.org/fs.realpath/-/fs.realpath-1.0.0.tgz 3472ms (cache miss)
366 timing reifyNode:node_modules/fs.realpath Completed in 3949ms
367 http fetch GET 200 https://registry.npmjs.org/follow-redirects/-/follow-redirects-1.15.2.tgz 3498ms (cache miss)
368 timing reifyNode:node_modules/follow-redirects Completed in 3971ms
369 http fetch GET 200 https://registry.npmjs.org/fill-range/-/fill-range-7.0.1.tgz 3746ms (cache miss)
370 timing reifyNode:node_modules/fill-range Completed in 4226ms
371 http fetch GET 200 https://registry.npmjs.org/fraction.js/-/fraction.js-4.2.0.tgz 3773ms (cache miss)
372 timing reifyNode:node_modules/fraction.js Completed in 4244ms
373 http fetch GET 200 https://registry.npmjs.org/escalade/-/escalade-3.1.1.tgz 3810ms (cache miss)
374 timing reifyNode:node_modules/escalade Completed in 4295ms
375 http fetch GET 200 https://registry.npmjs.org/fastq/-/fastq-1.15.0.tgz 3973ms (cache miss)
376 http fetch GET 200 https://registry.npmjs.org/didyoumean/-/didyoumean-1.2.2.tgz 4046ms (cache miss)
377 timing reifyNode:node_modules/didyoumean Completed in 4529ms
378 http fetch GET 200 https://registry.npmjs.org/deepmerge/-/deepmerge-4.3.1.tgz 4046ms (cache miss)
379 http fetch GET 200 https://registry.npmjs.org/postcss/-/postcss-8.4.27.tgz 4214ms (cache miss)
380 timing reifyNode:node_modules/postcss Completed in 4562ms
381 http fetch GET 200 https://registry.npmjs.org/concat-map/-/concat-map-0.0.1.tgz 4038ms (cache miss)
382 timing reifyNode:node_modules/concat-map Completed in 4536ms
383 http fetch GET 200 https://registry.npmjs.org/cssesc/-/cssesc-3.0.0.tgz 4046ms (cache miss)
384 timing reifyNode:node_modules/cssesc Completed in 4538ms
385 timing reifyNode:node_modules/deepmerge Completed in 4563ms
386 timing reifyNode:node_modules/fastq Completed in 4574ms
387 http fetch GET 200 https://registry.npmjs.org/laravel-vite-plugin/-/laravel-vite-plugin-0.2.4.tgz 4189ms (cache miss)
388 timing reifyNode:node_modules/laravel-vite-plugin Completed in 4596ms
389 http fetch GET 200 https://registry.npmjs.org/commander/-/commander-4.1.1.tgz 4278ms (cache miss)
390 timing reifyNode:node_modules/commander Completed in 4779ms
391 http fetch GET 200 https://registry.npmjs.org/camelcase-css/-/camelcase-css-2.0.1.tgz 4231ms (cache miss)
392 timing reifyNode:node_modules/camelcase-css Completed in 4780ms
393 http fetch GET 200 https://registry.npmjs.org/balanced-match/-/balanced-match-1.0.2.tgz 4264ms (cache miss)
394 timing reifyNode:node_modules/balanced-match Completed in 4824ms
395 http fetch GET 200 https://registry.npmjs.org/binary-extensions/-/binary-extensions-2.2.0.tgz 4268ms (cache miss)
396 timing reifyNode:node_modules/binary-extensions Completed in 4825ms
397 http fetch GET 200 https://registry.npmjs.org/browserslist/-/browserslist-4.21.9.tgz 4313ms (cache miss)
398 timing reifyNode:node_modules/browserslist Completed in 4865ms
399 http fetch GET 200 https://registry.npmjs.org/esbuild/-/esbuild-0.14.54.tgz 4378ms (cache miss)
400 timing reifyNode:node_modules/esbuild Completed in 4868ms
401 http fetch GET 200 https://registry.npmjs.org/chokidar/-/chokidar-3.5.3.tgz 4365ms (cache miss)
402 timing reifyNode:node_modules/chokidar Completed in 4869ms
403 http fetch GET 200 https://registry.npmjs.org/braces/-/braces-3.0.2.tgz 4375ms (cache miss)
404 timing reifyNode:node_modules/braces Completed in 4972ms
405 http fetch GET 200 https://registry.npmjs.org/electron-to-chromium/-/electron-to-chromium-1.4.473.tgz 4592ms (cache miss)
406 timing reifyNode:node_modules/electron-to-chromium Completed in 5140ms
407 http fetch GET 200 https://registry.npmjs.org/arg/-/arg-5.0.2.tgz 4588ms (cache miss)
408 timing reifyNode:node_modules/arg Completed in 5155ms
409 http fetch GET 200 https://registry.npmjs.org/anymatch/-/anymatch-3.1.3.tgz 4606ms (cache miss)
410 timing reifyNode:node_modules/anymatch Completed in 5176ms
411 http fetch GET 200 https://registry.npmjs.org/brace-expansion/-/brace-expansion-1.1.11.tgz 4644ms (cache miss)
412 timing reifyNode:node_modules/brace-expansion Completed in 5217ms
413 http fetch GET 200 https://registry.npmjs.org/fast-glob/-/fast-glob-3.3.1.tgz 5030ms (cache miss)
414 timing reifyNode:node_modules/fast-glob Completed in 5569ms
415 http fetch GET 200 https://registry.npmjs.org/resolve/-/resolve-1.22.2.tgz 5625ms (cache miss)
416 timing reifyNode:node_modules/resolve Completed in 5942ms
417 http fetch GET 200 https://registry.npmjs.org/algoliasearch/-/algoliasearch-4.19.1.tgz 5498ms (cache miss)
418 timing reifyNode:node_modules/algoliasearch Completed in 6078ms
419 http fetch GET 200 https://registry.npmjs.org/@vue/shared/-/shared-3.1.5.tgz 5739ms (cache miss)
420 timing reifyNode:node_modules/@vue/shared Completed in 6322ms
421 http fetch GET 200 https://registry.npmjs.org/jiti/-/jiti-1.19.1.tgz 5941ms (cache miss)
422 http fetch GET 200 https://registry.npmjs.org/@tailwindcss/forms/-/forms-0.4.1.tgz 5761ms (cache miss)
423 http fetch GET 200 https://registry.npmjs.org/@jridgewell/sourcemap-codec/-/sourcemap-codec-1.4.15.tgz 5773ms (cache miss)
424 timing reifyNode:node_modules/jiti Completed in 6394ms
425 timing reifyNode:node_modules/@jridgewell/sourcemap-codec Completed in 6384ms
426 http fetch GET 200 https://registry.npmjs.org/@tailwindcss/typography/-/typography-0.5.9.tgz 5817ms (cache miss)
427 timing reifyNode:node_modules/@tailwindcss/typography Completed in 6405ms
428 http fetch GET 200 https://registry.npmjs.org/@nodelib/fs.walk/-/fs.walk-1.2.8.tgz 5818ms (cache miss)
429 http fetch GET 200 https://registry.npmjs.org/@nodelib/fs.stat/-/fs.stat-2.0.5.tgz 5840ms (cache miss)
430 http fetch GET 200 https://registry.npmjs.org/@tailwindcss/aspect-ratio/-/aspect-ratio-0.2.2.tgz 5870ms (cache miss)
431 timing reifyNode:node_modules/@tailwindcss/aspect-ratio Completed in 6462ms
432 http fetch GET 200 https://registry.npmjs.org/dlv/-/dlv-1.1.3.tgz 5862ms (cache miss)
433 timing reifyNode:node_modules/dlv Completed in 6468ms
434 timing reifyNode:node_modules/@nodelib/fs.walk Completed in 6476ms
435 timing reifyNode:node_modules/@nodelib/fs.stat Completed in 6521ms
436 timing reifyNode:node_modules/@tailwindcss/forms Completed in 6581ms
437 http fetch GET 200 https://registry.npmjs.org/axios/-/axios-0.25.0.tgz 6022ms (cache miss)
438 timing reifyNode:node_modules/axios Completed in 6585ms
439 http fetch GET 200 https://registry.npmjs.org/@vue/reactivity/-/reactivity-3.1.5.tgz 6025ms (cache miss)
440 timing reifyNode:node_modules/@vue/reactivity Completed in 6611ms
441 http fetch GET 200 https://registry.npmjs.org/@jridgewell/set-array/-/set-array-1.1.2.tgz 6091ms (cache miss)
442 timing reifyNode:node_modules/@jridgewell/set-array Completed in 6696ms
443 http fetch GET 200 https://registry.npmjs.org/autoprefixer/-/autoprefixer-10.4.14.tgz 6137ms (cache miss)
444 timing reifyNode:node_modules/autoprefixer Completed in 6701ms
445 http fetch GET 200 https://registry.npmjs.org/@jridgewell/gen-mapping/-/gen-mapping-0.3.3.tgz 6024ms (cache miss)
446 http fetch GET 200 https://registry.npmjs.org/@nodelib/fs.scandir/-/fs.scandir-2.1.5.tgz 6030ms (cache miss)
447 http fetch GET 200 https://registry.npmjs.org/any-promise/-/any-promise-1.3.0.tgz 6053ms (cache miss)
448 http fetch GET 200 https://registry.npmjs.org/@alloc/quick-lru/-/quick-lru-5.2.0.tgz 6065ms (cache miss)
449 timing reifyNode:node_modules/@alloc/quick-lru Completed in 6763ms
450 http fetch GET 200 https://registry.npmjs.org/@jridgewell/resolve-uri/-/resolve-uri-3.1.0.tgz 6086ms (cache miss)
451 timing reifyNode:node_modules/@jridgewell/resolve-uri Completed in 6780ms
452 http fetch GET 200 https://registry.npmjs.org/@jridgewell/trace-mapping/-/trace-mapping-0.3.18.tgz 6179ms (cache miss)
453 timing reifyNode:node_modules/@jridgewell/trace-mapping Completed in 6783ms
454 timing reifyNode:node_modules/@jridgewell/gen-mapping Completed in 6792ms
455 timing reifyNode:node_modules/@nodelib/fs.scandir Completed in 6849ms
456 timing reifyNode:node_modules/any-promise Completed in 6923ms
457 http fetch GET 200 https://registry.npmjs.org/alpinejs/-/alpinejs-3.12.3.tgz 6368ms (cache miss)
458 timing reifyNode:node_modules/alpinejs Completed in 6946ms
459 http fetch GET 200 https://registry.npmjs.org/choices.js/-/choices.js-9.1.0.tgz 6522ms (cache miss)
460 timing reifyNode:node_modules/choices.js Completed in 7111ms
461 http fetch GET 200 https://registry.npmjs.org/@algolia/transporter/-/transporter-4.19.1.tgz 6575ms (cache miss)
462 timing reifyNode:node_modules/@algolia/transporter Completed in 7470ms
463 http fetch GET 200 https://registry.npmjs.org/@algolia/requester-node-http/-/requester-node-http-4.19.1.tgz 6800ms (cache miss)
464 timing reifyNode:node_modules/@algolia/requester-node-http Completed in 7506ms
465 http fetch GET 200 https://registry.npmjs.org/@algolia/requester-browser-xhr/-/requester-browser-xhr-4.19.1.tgz 6823ms (cache miss)
466 timing reifyNode:node_modules/@algolia/requester-browser-xhr Completed in 7533ms
467 http fetch GET 200 https://registry.npmjs.org/@algolia/requester-common/-/requester-common-4.19.1.tgz 6827ms (cache miss)
468 timing reifyNode:node_modules/@algolia/requester-common Completed in 7535ms
469 http fetch GET 200 https://registry.npmjs.org/@algolia/logger-console/-/logger-console-4.19.1.tgz 6823ms (cache miss)
470 timing reifyNode:node_modules/@algolia/logger-console Completed in 7535ms
471 http fetch GET 200 https://registry.npmjs.org/@algolia/logger-common/-/logger-common-4.19.1.tgz 6839ms (cache miss)
472 timing reifyNode:node_modules/@algolia/logger-common Completed in 7553ms
473 http fetch GET 200 https://registry.npmjs.org/glob-parent/-/glob-parent-5.1.2.tgz 6496ms (cache miss)
474 timing reifyNode:node_modules/fast-glob/node_modules/glob-parent Completed in 7568ms
475 http fetch GET 200 https://registry.npmjs.org/postcss-import/-/postcss-import-15.1.0.tgz 6502ms (cache miss)
476 timing reifyNode:node_modules/tailwindcss/node_modules/postcss-import Completed in 7596ms
477 http fetch GET 200 https://registry.npmjs.org/glob-parent/-/glob-parent-5.1.2.tgz 6535ms (cache miss)
478 timing reifyNode:node_modules/chokidar/node_modules/glob-parent Completed in 7600ms
479 http fetch GET 200 https://registry.npmjs.org/@algolia/client-common/-/client-common-4.19.1.tgz 6581ms (cache miss)
480 timing reifyNode:node_modules/@algolia/client-common Completed in 7602ms
481 http fetch GET 200 https://registry.npmjs.org/@jridgewell/sourcemap-codec/-/sourcemap-codec-1.4.14.tgz 6539ms (cache miss)
482 timing reifyNode:node_modules/@jridgewell/trace-mapping/node_modules/@jridgewell/sourcemap-codec Completed in 7629ms
483 http fetch GET 200 https://registry.npmjs.org/@algolia/client-search/-/client-search-4.19.1.tgz 6915ms (cache miss)
484 timing reifyNode:node_modules/@algolia/client-search Completed in 7644ms
485 http fetch GET 200 https://registry.npmjs.org/@algolia/client-analytics/-/client-analytics-4.19.1.tgz 6645ms (cache miss)
486 timing reifyNode:node_modules/@algolia/client-analytics Completed in 7668ms
487 http fetch GET 200 https://registry.npmjs.org/@algolia/client-account/-/client-account-4.19.1.tgz 6685ms (cache miss)
488 timing reifyNode:node_modules/@algolia/client-account Completed in 7710ms
489 http fetch GET 200 https://registry.npmjs.org/sucrase/-/sucrase-3.34.0.tgz 7622ms (cache miss)
490 timing reifyNode:node_modules/sucrase Completed in 7934ms
491 http fetch GET 200 https://registry.npmjs.org/@algolia/cache-in-memory/-/cache-in-memory-4.19.1.tgz 6904ms (cache miss)
492 timing reifyNode:node_modules/@algolia/cache-in-memory Completed in 7950ms
493 http fetch GET 200 https://registry.npmjs.org/postcss-selector-parser/-/postcss-selector-parser-6.0.13.tgz 6919ms (cache miss)
494 timing reifyNode:node_modules/postcss-nested/node_modules/postcss-selector-parser Completed in 8154ms
495 http fetch GET 200 https://registry.npmjs.org/postcss-selector-parser/-/postcss-selector-parser-6.0.13.tgz 7081ms (cache miss)
496 timing reifyNode:node_modules/tailwindcss/node_modules/postcss-selector-parser Completed in 8174ms
497 http fetch GET 200 https://registry.npmjs.org/@algolia/cache-common/-/cache-common-4.19.1.tgz 7159ms (cache miss)
498 timing reifyNode:node_modules/@algolia/cache-common Completed in 8207ms
499 http fetch GET 200 https://registry.npmjs.org/@algolia/cache-browser-local-storage/-/cache-browser-local-storage-4.19.1.tgz 7162ms (cache miss)
500 timing reifyNode:node_modules/@algolia/cache-browser-local-storage Completed in 8213ms
501 http fetch GET 200 https://registry.npmjs.org/@algolia/client-personalization/-/client-personalization-4.19.1.tgz 7147ms (cache miss)
502 timing reifyNode:node_modules/@algolia/client-personalization Completed in 8233ms
503 http fetch GET 200 https://registry.npmjs.org/yaml/-/yaml-2.3.1.tgz 8040ms (cache miss)
504 timing reifyNode:node_modules/yaml Completed in 8328ms
505 http fetch GET 200 https://registry.npmjs.org/vite/-/vite-2.9.16.tgz 8325ms (cache miss)
506 timing reifyNode:node_modules/vite Completed in 8617ms
507 http fetch GET 200 https://registry.npmjs.org/npm 9359ms (cache miss)
508 http fetch GET 200 https://registry.npmjs.org/@babel/runtime/-/runtime-7.22.6.tgz 8226ms (cache miss)
509 timing reifyNode:node_modules/@babel/runtime Completed in 8962ms
510 http fetch GET 200 https://registry.npmjs.org/rollup/-/rollup-2.77.3.tgz 8992ms (cache miss)
511 timing reifyNode:node_modules/rollup Completed in 9306ms
512 http fetch GET 200 https://registry.npmjs.org/highlight.js/-/highlight.js-10.7.3.tgz 8949ms (cache miss)
513 timing reifyNode:node_modules/highlight.js Completed in 9408ms
514 http fetch GET 200 https://registry.npmjs.org/tailwindcss/-/tailwindcss-3.3.3.tgz 9277ms (cache miss)
515 timing reifyNode:node_modules/tailwindcss Completed in 9585ms
516 http fetch GET 200 https://registry.npmjs.org/caniuse-lite/-/caniuse-lite-1.0.30001517.tgz 9302ms (cache miss)
517 timing reifyNode:node_modules/caniuse-lite Completed in 9879ms
518 http fetch GET 200 https://registry.npmjs.org/esbuild-linux-arm64/-/esbuild-linux-arm64-0.14.54.tgz 10390ms (cache miss)
519 timing reifyNode:node_modules/esbuild-linux-arm64 Completed in 10874ms
520 timing reify:unpack Completed in 10912ms
521 timing reify:unretire Completed in 1ms
522 timing build:queue Completed in 21ms
523 timing build:link:node_modules/autoprefixer Completed in 19ms
524 timing build:link:node_modules/browserslist Completed in 18ms
525 timing build:link:node_modules/esbuild Completed in 17ms
526 timing build:link:node_modules/cssesc Completed in 18ms
527 timing build:link:node_modules/jiti Completed in 18ms
528 timing build:link:node_modules/mini-svg-data-uri Completed in 18ms
529 timing build:link:node_modules/nanoid Completed in 17ms
530 timing build:link:node_modules/resolve Completed in 17ms
531 timing build:link:node_modules/rollup Completed in 17ms
532 timing build:link:node_modules/sucrase Completed in 17ms
533 timing build:link:node_modules/tailwindcss Completed in 15ms
534 timing build:link:node_modules/update-browserslist-db Completed in 16ms
535 timing build:link:node_modules/vite Completed in 15ms
536 timing build:link Completed in 22ms
537 info run esbuild@0.14.54 postinstall node_modules/esbuild node install.js
538 info run esbuild@0.14.54 postinstall { code: 0, signal: null }
539 timing build:run:postinstall:node_modules/esbuild Completed in 179ms
540 timing build:run:postinstall Completed in 181ms
541 timing build:deps Completed in 225ms
542 timing build Completed in 226ms
543 timing reify:build Completed in 228ms
544 timing reify:trash Completed in 8ms
545 timing reify:save Completed in 1465ms
546 timing reify Completed in 13472ms
547 silly ADD node_modules/yaml
548 silly ADD node_modules/wrappy
549 silly ADD node_modules/vite
550 silly ADD node_modules/util-deprecate
551 silly ADD node_modules/update-browserslist-db
552 silly ADD node_modules/ts-interface-checker
553 silly ADD node_modules/to-regex-range
554 silly ADD node_modules/thenify-all
555 silly ADD node_modules/thenify
556 silly ADD node_modules/textarea-caret
557 silly ADD node_modules/tailwindcss
558 silly ADD node_modules/tailwindcss/node_modules/postcss-selector-parser
559 silly ADD node_modules/tailwindcss/node_modules/postcss-import
560 silly ADD node_modules/supports-preserve-symlinks-flag
561 silly ADD node_modules/sucrase
562 silly ADD node_modules/source-map-js
563 silly ADD node_modules/run-parallel
564 silly ADD node_modules/rollup
565 silly ADD node_modules/reusify
566 silly ADD node_modules/resolve
567 silly ADD node_modules/regenerator-runtime
568 silly ADD node_modules/redux
569 silly ADD node_modules/readdirp
570 silly ADD node_modules/read-cache
571 silly ADD node_modules/queue-microtask
572 silly ADD node_modules/postcss-value-parser
573 silly ADD node_modules/postcss-selector-parser
574 silly ADD node_modules/postcss-nested
575 silly ADD node_modules/postcss-nested/node_modules/postcss-selector-parser
576 silly ADD node_modules/postcss-load-config
577 silly ADD node_modules/postcss-js
578 silly ADD node_modules/postcss-import
579 silly ADD node_modules/postcss
580 silly ADD node_modules/pirates
581 silly ADD node_modules/pify
582 silly ADD node_modules/picomatch
583 silly ADD node_modules/picocolors
584 silly ADD node_modules/path-parse
585 silly ADD node_modules/path-is-absolute
586 silly ADD node_modules/once
587 silly ADD node_modules/object-hash
588 silly ADD node_modules/object-assign
589 silly ADD node_modules/normalize-range
590 silly ADD node_modules/normalize-path
591 silly ADD node_modules/node-releases
592 silly ADD node_modules/nanoid
593 silly ADD node_modules/mz
594 silly ADD node_modules/minimatch
595 silly ADD node_modules/mini-svg-data-uri
596 silly ADD node_modules/micromatch
597 silly ADD node_modules/merge2
598 silly ADD node_modules/lodash.merge
599 silly ADD node_modules/lodash.isplainobject
600 silly ADD node_modules/lodash.castarray
601 silly ADD node_modules/lines-and-columns
602 silly ADD node_modules/lilconfig
603 silly ADD node_modules/laravel-vite-plugin
604 silly ADD node_modules/jiti
605 silly ADD node_modules/is-number
606 silly ADD node_modules/is-glob
607 silly ADD node_modules/is-extglob
608 silly ADD node_modules/is-core-module
609 silly ADD node_modules/is-binary-path
610 silly ADD node_modules/inherits
611 silly ADD node_modules/inflight
612 silly ADD node_modules/highlight.js
613 silly ADD node_modules/has
614 silly ADD node_modules/glob-parent
615 silly ADD node_modules/glob
616 silly ADD node_modules/fuse.js
617 silly ADD node_modules/function-bind
618 silly ADD
619 silly ADD node_modules/fs.realpath
620 silly ADD node_modules/fraction.js
621 silly ADD node_modules/follow-redirects
622 silly ADD node_modules/fill-range
623 silly ADD node_modules/fastq
624 silly ADD node_modules/fast-glob
625 silly ADD node_modules/fast-glob/node_modules/glob-parent
626 silly ADD node_modules/escalade
627 silly ADD
628 silly ADD
629 silly ADD
630 silly ADD
631 silly ADD
632 silly ADD
633 silly ADD
634 silly ADD
635 silly ADD
636 silly ADD
637 silly ADD node_modules/esbuild-linux-arm64
638 silly ADD
639 silly ADD
640 silly ADD
641 silly ADD
642 silly ADD
643 silly ADD
644 silly ADD
645 silly ADD
646 silly ADD
647 silly ADD node_modules/esbuild
648 silly ADD node_modules/electron-to-chromium
649 silly ADD node_modules/dlv
650 silly ADD node_modules/didyoumean
651 silly ADD node_modules/deepmerge
652 silly ADD node_modules/cssesc
653 silly ADD node_modules/concat-map
654 silly ADD node_modules/commander
655 silly ADD node_modules/chokidar
656 silly ADD node_modules/chokidar/node_modules/glob-parent
657 silly ADD node_modules/choices.js
658 silly ADD node_modules/caniuse-lite
659 silly ADD node_modules/camelcase-css
660 silly ADD node_modules/browserslist
661 silly ADD node_modules/braces
662 silly ADD node_modules/brace-expansion
663 silly ADD node_modules/binary-extensions
664 silly ADD node_modules/balanced-match
665 silly ADD node_modules/axios
666 silly ADD node_modules/autoprefixer
667 silly ADD node_modules/arg
668 silly ADD node_modules/anymatch
669 silly ADD node_modules/any-promise
670 silly ADD node_modules/alpinejs
671 silly ADD node_modules/algoliasearch
672 silly ADD node_modules/@vue/shared
673 silly ADD node_modules/@vue/reactivity
674 silly ADD node_modules/@tailwindcss/typography
675 silly ADD node_modules/@tailwindcss/forms
676 silly ADD node_modules/@tailwindcss/aspect-ratio
677 silly ADD node_modules/@nodelib/fs.walk
678 silly ADD node_modules/@nodelib/fs.stat
679 silly ADD node_modules/@nodelib/fs.scandir
680 silly ADD node_modules/@jridgewell/trace-mapping
681 silly ADD node_modules/@jridgewell/trace-mapping/node_modules/@jridgewell/sourcemap-codec
682 silly ADD node_modules/@jridgewell/sourcemap-codec
683 silly ADD node_modules/@jridgewell/set-array
684 silly ADD node_modules/@jridgewell/resolve-uri
685 silly ADD node_modules/@jridgewell/gen-mapping
686 silly ADD
687 silly ADD node_modules/@babel/runtime
688 silly ADD node_modules/@alloc/quick-lru
689 silly ADD node_modules/@algolia/transporter
690 silly ADD node_modules/@algolia/requester-node-http
691 silly ADD node_modules/@algolia/requester-common
692 silly ADD node_modules/@algolia/requester-browser-xhr
693 silly ADD node_modules/@algolia/logger-console
694 silly ADD node_modules/@algolia/logger-common
695 silly ADD node_modules/@algolia/client-search
696 silly ADD node_modules/@algolia/client-personalization
697 silly ADD node_modules/@algolia/client-common
698 silly ADD node_modules/@algolia/client-analytics
699 silly ADD node_modules/@algolia/client-account
700 silly ADD node_modules/@algolia/cache-in-memory
701 silly ADD node_modules/@algolia/cache-common
702 silly ADD node_modules/@algolia/cache-browser-local-storage
703 timing command:install Completed in 13556ms
704 notice
704 notice New [32mpatch[39m version of npm available! [31m9.8.0[39m -> [32m9.8.1[39m
704 notice Changelog: [36mhttps://github.com/npm/cli/releases/tag/v9.8.1[39m
704 notice Run [32mnpm install -g npm@9.8.1[39m to update!
704 notice
705 verbose exit 0
706 timing npm Completed in 14946ms
707 info ok
